# JRE version: OpenJDK Runtime Environment (8.0_181-b13) (build 1.8.0_181-8u181-b13-2~deb9u1-b13)
# Java VM: OpenJDK 64-Bit Server VM (25.181-b13 mixed mode linux-amd64 compressed oops)
Heap:
 PSYoungGen      total 967168K, used 848638K [0x000000076ab00000, 0x00000007c0000000, 0x00000007c0000000)
  eden space 564736K, 95% used [0x000000076ab00000,0x000000078bb9f990,0x000000078d280000)
  from space 402432K, 76% used [0x000000078d280000,0x000000079fea0030,0x00000007a5b80000)
  to   space 419840K, 0% used [0x00000007a6600000,0x00000007a6600000,0x00000007c0000000)
 ParOldGen       total 2308096K, used 1049971K [0x00000006c0000000, 0x000000074ce00000, 0x000000076ab00000)
  object space 2308096K, 45% used [0x00000006c0000000,0x000000070015cf90,0x000000074ce00000)
 Metaspace       used 16666K, capacity 17032K, committed 17280K, reserved 1064960K
  class space    used 1785K, capacity 1878K, committed 1920K, reserved 1048576K
GC Heap History (10 events):
Event: 6906.246 GC heap before
{Heap before GC invocations=1330 (full 119):
 PSYoungGen      total 919552K, used 506880K [0x000000076ab00000, 0x00000007c0000000, 0x00000007c0000000)
  eden space 506880K, 100% used [0x000000076ab00000,0x0000000789a00000,0x0000000789a00000)
  from space 412672K, 0% used [0x00000007a6d00000,0x00000007a6d00000,0x00000007c0000000)
  to   space 445440K, 0% used [0x0000000789a00000,0x0000000789a00000,0x00000007a4d00000)
 ParOldGen       total 2308096K, used 502102K [0x00000006c0000000, 0x000000074ce00000, 0x000000076ab00000)
  object space 2308096K, 21% used [0x00000006c0000000,0x00000006dea55a00,0x000000074ce00000)
 Metaspace       used 16666K, capacity 17032K, committed 17280K, reserved 1064960K
  class space    used 1785K, capacity 1878K, committed 1920K, reserved 1048576K
Event: 6906.268 GC heap after
Heap after GC invocations=1330 (full 119):
 PSYoungGen      total 952320K, used 170093K [0x000000076ab00000, 0x00000007c0000000, 0x00000007c0000000)
  eden space 506880K, 0% used [0x000000076ab00000,0x000000076ab00000,0x0000000789a00000)
  from space 445440K, 38% used [0x0000000789a00000,0x000000079401b440,0x00000007a4d00000)
  to   space 432128K, 0% used [0x00000007a5a00000,0x00000007a5a00000,0x00000007c0000000)
 ParOldGen       total 2308096K, used 502102K [0x00000006c0000000, 0x000000074ce00000, 0x000000076ab00000)
  object space 2308096K, 21% used [0x00000006c0000000,0x00000006dea55a00,0x000000074ce00000)
 Metaspace       used 16666K, capacity 17032K, committed 17280K, reserved 1064960K
  class space    used 1785K, capacity 1878K, committed 1920K, reserved 1048576K
}
Event: 6906.613 GC heap before
{Heap before GC invocations=1331 (full 119):
 PSYoungGen      total 952320K, used 615855K [0x000000076ab00000, 0x00000007c0000000, 0x00000007c0000000)
  eden space 506880K, 87% used [0x000000076ab00000,0x0000000785e50968,0x0000000789a00000)
  from space 445440K, 38% used [0x0000000789a00000,0x000000079401b440,0x00000007a4d00000)
  to   space 432128K, 0% used [0x00000007a5a00000,0x00000007a5a00000,0x00000007c0000000)
 ParOldGen       total 2308096K, used 502102K [0x00000006c0000000, 0x000000074ce00000, 0x000000076ab00000)
  object space 2308096K, 21% used [0x00000006c0000000,0x00000006dea55a00,0x000000074ce00000)
 Metaspace       used 16666K, capacity 17032K, committed 17280K, reserved 1064960K
  class space    used 1785K, capacity 1878K, committed 1920K, reserved 1048576K
Event: 6906.633 GC heap after
Heap after GC invocations=1331 (full 119):
 PSYoungGen      total 917504K, used 156736K [0x000000076ab00000, 0x00000007bde00000, 0x00000007c0000000)
  eden space 520192K, 0% used [0x000000076ab00000,0x000000076ab00000,0x000000078a700000)
  from space 397312K, 39% used [0x00000007a5a00000,0x00000007af310040,0x00000007bde00000)
  to   space 421376K, 0% used [0x000000078a700000,0x000000078a700000,0x00000007a4280000)
 ParOldGen       total 2308096K, used 623747K [0x00000006c0000000, 0x000000074ce00000, 0x000000076ab00000)
  object space 2308096K, 27% used [0x00000006c0000000,0x00000006e6120e50,0x000000074ce00000)
 Metaspace       used 16666K, capacity 17032K, committed 17280K, reserved 1064960K
  class space    used 1785K, capacity 1878K, committed 1920K, reserved 1048576K
}
Event: 6910.154 GC heap before
{Heap before GC invocations=1332 (full 119):
 PSYoungGen      total 917504K, used 676928K [0x000000076ab00000, 0x00000007bde00000, 0x00000007c0000000)
  eden space 520192K, 100% used [0x000000076ab00000,0x000000078a700000,0x000000078a700000)
  from space 397312K, 39% used [0x00000007a5a00000,0x00000007af310040,0x00000007bde00000)
  to   space 421376K, 0% used [0x000000078a700000,0x000000078a700000,0x00000007a4280000)
 ParOldGen       total 2308096K, used 623747K [0x00000006c0000000, 0x000000074ce00000, 0x000000076ab00000)
  object space 2308096K, 27% used [0x00000006c0000000,0x00000006e6120e50,0x000000074ce00000)
 Metaspace       used 16666K, capacity 17032K, committed 17280K, reserved 1064960K
  class space    used 1785K, capacity 1878K, committed 1920K, reserved 1048576K
Event: 6910.626 GC heap after
Heap after GC invocations=1332 (full 119):
 PSYoungGen      total 941568K, used 147552K [0x000000076ab00000, 0x00000007c0000000, 0x00000007c0000000)
  eden space 520192K, 0% used [0x000000076ab00000,0x000000076ab00000,0x000000078a700000)
  from space 421376K, 35% used [0x000000078a700000,0x0000000793718020,0x00000007a4280000)
  to   space 411648K, 0% used [0x00000007a6e00000,0x00000007a6e00000,0x00000007c0000000)
 ParOldGen       total 2308096K, used 697483K [0x00000006c0000000, 0x000000074ce00000, 0x000000076ab00000)
  object space 2308096K, 30% used [0x00000006c0000000,0x00000006ea922e60,0x000000074ce00000)
 Metaspace       used 16666K, capacity 17032K, committed 17280K, reserved 1064960K
  class space    used 1785K, capacity 1878K, committed 1920K, reserved 1048576K
}
Event: 6910.907 GC heap before
{Heap before GC invocations=1333 (full 119):
 PSYoungGen      total 941568K, used 629884K [0x000000076ab00000, 0x00000007c0000000, 0x00000007c0000000)
  eden space 520192K, 92% used [0x000000076ab00000,0x0000000788207390,0x000000078a700000)
  from space 421376K, 35% used [0x000000078a700000,0x0000000793718020,0x00000007a4280000)
  to   space 411648K, 0% used [0x00000007a6e00000,0x00000007a6e00000,0x00000007c0000000)
 ParOldGen       total 2308096K, used 697483K [0x00000006c0000000, 0x000000074ce00000, 0x000000076ab00000)
  object space 2308096K, 30% used [0x00000006c0000000,0x00000006ea922e60,0x000000074ce00000)
 Metaspace       used 16666K, capacity 17032K, committed 17280K, reserved 1064960K
  class space    used 1785K, capacity 1878K, committed 1920K, reserved 1048576K
Event: 6910.950 GC heap after
Heap after GC invocations=1333 (full 119):
 PSYoungGen      total 948224K, used 237040K [0x000000076ab00000, 0x00000007be480000, 0x00000007c0000000)
  eden space 564736K, 0% used [0x000000076ab00000,0x000000076ab00000,0x000000078d280000)
  from space 383488K, 61% used [0x00000007a6e00000,0x00000007b557c080,0x00000007be480000)
  to   space 402432K, 0% used [0x000000078d280000,0x000000078d280000,0x00000007a5b80000)
 ParOldGen       total 2308096K, used 844971K [0x00000006c0000000, 0x000000074ce00000, 0x000000076ab00000)
  object space 2308096K, 36% used [0x00000006c0000000,0x00000006f392ae80,0x000000074ce00000)
 Metaspace       used 16666K, capacity 17032K, committed 17280K, reserved 1064960K
  class space    used 1785K, capacity 1878K, committed 1920K, reserved 1048576K
}
Event: 6911.836 GC heap before
{Heap before GC invocations=1334 (full 119):
 PSYoungGen      total 948224K, used 801776K [0x000000076ab00000, 0x00000007be480000, 0x00000007c0000000)
  eden space 564736K, 100% used [0x000000076ab00000,0x000000078d280000,0x000000078d280000)
  from space 383488K, 61% used [0x00000007a6e00000,0x00000007b557c080,0x00000007be480000)
  to   space 402432K, 0% used [0x000000078d280000,0x000000078d280000,0x00000007a5b80000)
 ParOldGen       total 2308096K, used 844971K [0x00000006c0000000, 0x000000074ce00000, 0x000000076ab00000)
  object space 2308096K, 36% used [0x00000006c0000000,0x00000006f392ae80,0x000000074ce00000)
 Metaspace       used 16666K, capacity 17032K, committed 17280K, reserved 1064960K
  class space    used 1785K, capacity 1878K, committed 1920K, reserved 1048576K
Event: 6911.874 GC heap after
Heap after GC invocations=1334 (full 119):
 PSYoungGen      total 967168K, used 307328K [0x000000076ab00000, 0x00000007c0000000, 0x00000007c0000000)
  eden space 564736K, 0% used [0x000000076ab00000,0x000000076ab00000,0x000000078d280000)
  from space 402432K, 76% used [0x000000078d280000,0x000000079fea0030,0x00000007a5b80000)
  to   space 419840K, 0% used [0x00000007a6600000,0x00000007a6600000,0x00000007c0000000)
 ParOldGen       total 2308096K, used 1049971K [0x00000006c0000000, 0x000000074ce00000, 0x000000076ab00000)
  object space 2308096K, 45% used [0x00000006c0000000,0x000000070015cf90,0x000000074ce00000)
 Metaspace       used 16666K, capacity 17032K, committed 17280K, reserved 1064960K
  class space    used 1785K, capacity 1878K, committed 1920K, reserved 1048576K
}

