# JRE version: OpenJDK Runtime Environment (8.0_181-b13) (build 1.8.0_181-8u181-b13-2~deb9u1-b13)
# Java VM: OpenJDK 64-Bit Server VM (25.181-b13 mixed mode linux-amd64 compressed oops)
Heap:
 PSYoungGen      total 979456K, used 700773K [0x000000076ab00000, 0x00000007c0000000, 0x00000007c0000000)
  eden space 565248K, 82% used [0x000000076ab00000,0x000000078741d3c0,0x000000078d300000)
  from space 414208K, 56% used [0x00000007a6b80000,0x00000007b4ebc050,0x00000007c0000000)
  to   space 416256K, 0% used [0x000000078d300000,0x000000078d300000,0x00000007a6980000)
 ParOldGen       total 2106368K, used 370754K [0x00000006c0000000, 0x0000000740900000, 0x000000076ab00000)
  object space 2106368K, 17% used [0x00000006c0000000,0x00000006d6a10bb0,0x0000000740900000)
 Metaspace       used 19005K, capacity 19520K, committed 19584K, reserved 1067008K
  class space    used 1983K, capacity 2124K, committed 2176K, reserved 1048576K
GC Heap History (10 events):
Event: 84455.319 GC heap before
{Heap before GC invocations=8964 (full 557):
 PSYoungGen      total 884736K, used 859584K [0x000000076ab00000, 0x00000007c0000000, 0x00000007c0000000)
  eden space 544768K, 95% used [0x000000076ab00000,0x000000078a6c2858,0x000000078bf00000)
  from space 339968K, 99% used [0x000000078bf00000,0x00000007a0aadb18,0x00000007a0b00000)
  to   space 450048K, 0% used [0x00000007a4880000,0x00000007a4880000,0x00000007c0000000)
 ParOldGen       total 2106368K, used 10194K [0x00000006c0000000, 0x0000000740900000, 0x000000076ab00000)
  object space 2106368K, 0% used [0x00000006c0000000,0x00000006c09f4b40,0x0000000740900000)
 Metaspace       used 19005K, capacity 19520K, committed 19584K, reserved 1067008K
  class space    used 1983K, capacity 2124K, committed 2176K, reserved 1048576K
Event: 84455.340 GC heap after
Heap after GC invocations=8964 (full 557):
 PSYoungGen      total 957440K, used 102608K [0x000000076ab00000, 0x00000007c0000000, 0x00000007c0000000)
  eden space 507392K, 0% used [0x000000076ab00000,0x000000076ab00000,0x0000000789a80000)
  from space 450048K, 22% used [0x00000007a4880000,0x00000007aacb4030,0x00000007c0000000)
  to   space 440320K, 0% used [0x0000000789a80000,0x0000000789a80000,0x00000007a4880000)
 ParOldGen       total 2106368K, used 120786K [0x00000006c0000000, 0x0000000740900000, 0x000000076ab00000)
  object space 2106368K, 5% used [0x00000006c0000000,0x00000006c75f4b50,0x0000000740900000)
 Metaspace       used 19005K, capacity 19520K, committed 19584K, reserved 1067008K
  class space    used 1983K, capacity 2124K, committed 2176K, reserved 1048576K
}
Event: 84464.013 GC heap before
{Heap before GC invocations=8965 (full 557):
 PSYoungGen      total 957440K, used 564267K [0x000000076ab00000, 0x00000007c0000000, 0x00000007c0000000)
  eden space 507392K, 90% used [0x000000076ab00000,0x0000000786dd6bf0,0x0000000789a80000)
  from space 450048K, 22% used [0x00000007a4880000,0x00000007aacb4030,0x00000007c0000000)
  to   space 440320K, 0% used [0x0000000789a80000,0x0000000789a80000,0x00000007a4880000)
 ParOldGen       total 2106368K, used 120786K [0x00000006c0000000, 0x0000000740900000, 0x000000076ab00000)
  object space 2106368K, 5% used [0x00000006c0000000,0x00000006c75f4b50,0x0000000740900000)
 Metaspace       used 19005K, capacity 19520K, committed 19584K, reserved 1067008K
  class space    used 1983K, capacity 2124K, committed 2176K, reserved 1048576K
Event: 84464.052 GC heap after
Heap after GC invocations=8965 (full 557):
 PSYoungGen      total 684032K, used 176256K [0x000000076ab00000, 0x00000007bc780000, 0x00000007c0000000)
  eden space 507392K, 0% used [0x000000076ab00000,0x000000076ab00000,0x0000000789a80000)
  from space 176640K, 99% used [0x0000000789a80000,0x00000007946a0020,0x0000000794700000)
  to   space 416256K, 0% used [0x00000007a3100000,0x00000007a3100000,0x00000007bc780000)
 ParOldGen       total 2106368K, used 120842K [0x00000006c0000000, 0x0000000740900000, 0x000000076ab00000)
  object space 2106368K, 5% used [0x00000006c0000000,0x00000006c7602b80,0x0000000740900000)
 Metaspace       used 19005K, capacity 19520K, committed 19584K, reserved 1067008K
  class space    used 1983K, capacity 2124K, committed 2176K, reserved 1048576K
}
Event: 84467.390 GC heap before
{Heap before GC invocations=8966 (full 557):
 PSYoungGen      total 684032K, used 672395K [0x000000076ab00000, 0x00000007bc780000, 0x00000007c0000000)
  eden space 507392K, 97% used [0x000000076ab00000,0x0000000788f82ed0,0x0000000789a80000)
  from space 176640K, 99% used [0x0000000789a80000,0x00000007946a0020,0x0000000794700000)
  to   space 416256K, 0% used [0x00000007a3100000,0x00000007a3100000,0x00000007bc780000)
 ParOldGen       total 2106368K, used 120842K [0x00000006c0000000, 0x0000000740900000, 0x000000076ab00000)
  object space 2106368K, 5% used [0x00000006c0000000,0x00000006c7602b80,0x0000000740900000)
 Metaspace       used 19005K, capacity 19520K, committed 19584K, reserved 1067008K
  class space    used 1983K, capacity 2124K, committed 2176K, reserved 1048576K
Event: 84467.436 GC heap after
Heap after GC invocations=8966 (full 557):
 PSYoungGen      total 932352K, used 99472K [0x000000076ab00000, 0x00000007c0000000, 0x00000007c0000000)
  eden space 516096K, 0% used [0x000000076ab00000,0x000000076ab00000,0x000000078a300000)
  from space 416256K, 23% used [0x00000007a3100000,0x00000007a9224030,0x00000007bc780000)
  to   space 407552K, 0% used [0x000000078a300000,0x000000078a300000,0x00000007a3100000)
 ParOldGen       total 2106368K, used 296994K [0x00000006c0000000, 0x0000000740900000, 0x000000076ab00000)
  object space 2106368K, 14% used [0x00000006c0000000,0x00000006d2208ba0,0x0000000740900000)
 Metaspace       used 19005K, capacity 19520K, committed 19584K, reserved 1067008K
  class space    used 1983K, capacity 2124K, committed 2176K, reserved 1048576K
}
Event: 84473.344 GC heap before
{Heap before GC invocations=8967 (full 557):
 PSYoungGen      total 932352K, used 615568K [0x000000076ab00000, 0x00000007c0000000, 0x00000007c0000000)
  eden space 516096K, 100% used [0x000000076ab00000,0x000000078a300000,0x000000078a300000)
  from space 416256K, 23% used [0x00000007a3100000,0x00000007a9224030,0x00000007bc780000)
  to   space 407552K, 0% used [0x000000078a300000,0x000000078a300000,0x00000007a3100000)
 ParOldGen       total 2106368K, used 296994K [0x00000006c0000000, 0x0000000740900000, 0x000000076ab00000)
  object space 2106368K, 14% used [0x00000006c0000000,0x00000006d2208ba0,0x0000000740900000)
 Metaspace       used 19005K, capacity 19520K, committed 19584K, reserved 1067008K
  class space    used 1983K, capacity 2124K, committed 2176K, reserved 1048576K
Event: 84473.359 GC heap after
Heap after GC invocations=8967 (full 557):
 PSYoungGen      total 923648K, used 116K [0x000000076ab00000, 0x00000007c0000000, 0x00000007c0000000)
  eden space 516096K, 0% used [0x000000076ab00000,0x000000076ab00000,0x000000078a300000)
  from space 407552K, 0% used [0x000000078a300000,0x000000078a31d010,0x00000007a3100000)
  to   space 414208K, 0% used [0x00000007a6b80000,0x00000007a6b80000,0x00000007c0000000)
 ParOldGen       total 2106368K, used 370730K [0x00000006c0000000, 0x0000000740900000, 0x000000076ab00000)
  object space 2106368K, 17% used [0x00000006c0000000,0x00000006d6a0abb0,0x0000000740900000)
 Metaspace       used 19005K, capacity 19520K, committed 19584K, reserved 1067008K
  class space    used 1983K, capacity 2124K, committed 2176K, reserved 1048576K
}
Event: 84484.617 GC heap before
{Heap before GC invocations=8968 (full 557):
 PSYoungGen      total 923648K, used 516212K [0x000000076ab00000, 0x00000007c0000000, 0x00000007c0000000)
  eden space 516096K, 100% used [0x000000076ab00000,0x000000078a300000,0x000000078a300000)
  from space 407552K, 0% used [0x000000078a300000,0x000000078a31d010,0x00000007a3100000)
  to   space 414208K, 0% used [0x00000007a6b80000,0x00000007a6b80000,0x00000007c0000000)
 ParOldGen       total 2106368K, used 370730K [0x00000006c0000000, 0x0000000740900000, 0x000000076ab00000)
  object space 2106368K, 17% used [0x00000006c0000000,0x00000006d6a0abb0,0x0000000740900000)
 Metaspace       used 19005K, capacity 19520K, committed 19584K, reserved 1067008K
  class space    used 1983K, capacity 2124K, committed 2176K, reserved 1048576K
Event: 84484.728 GC heap after
Heap after GC invocations=8968 (full 557):
 PSYoungGen      total 979456K, used 232688K [0x000000076ab00000, 0x00000007c0000000, 0x00000007c0000000)
  eden space 565248K, 0% used [0x000000076ab00000,0x000000076ab00000,0x000000078d300000)
  from space 414208K, 56% used [0x00000007a6b80000,0x00000007b4ebc050,0x00000007c0000000)
  to   space 416256K, 0% used [0x000000078d300000,0x000000078d300000,0x00000007a6980000)
 ParOldGen       total 2106368K, used 370754K [0x00000006c0000000, 0x0000000740900000, 0x000000076ab00000)
  object space 2106368K, 17% used [0x00000006c0000000,0x00000006d6a10bb0,0x0000000740900000)
 Metaspace       used 19005K, capacity 19520K, committed 19584K, reserved 1067008K
  class space    used 1983K, capacity 2124K, committed 2176K, reserved 1048576K
}

