# JRE version: OpenJDK Runtime Environment (8.0_181-b13) (build 1.8.0_181-8u181-b13-2~deb9u1-b13)
# Java VM: OpenJDK 64-Bit Server VM (25.181-b13 mixed mode linux-amd64 compressed oops)
Heap:
 PSYoungGen      total 305664K, used 30128K [0x000000076ab00000, 0x0000000780000000, 0x00000007c0000000)
  eden space 262144K, 0% used [0x000000076ab00000,0x000000076ab00000,0x000000077ab00000)
  from space 43520K, 69% used [0x000000077ab00000,0x000000077c86c0b0,0x000000077d580000)
  to   space 43520K, 0% used [0x000000077d580000,0x000000077d580000,0x0000000780000000)
 ParOldGen       total 699392K, used 230496K [0x00000006c0000000, 0x00000006eab00000, 0x000000076ab00000)
  object space 699392K, 32% used [0x00000006c0000000,0x00000006ce118050,0x00000006eab00000)
 Metaspace       used 7093K, capacity 7250K, committed 7552K, reserved 1056768K
  class space    used 753K, capacity 837K, committed 896K, reserved 1048576K
GC Heap History (5 events):
Event: 4.139 GC heap before
{Heap before GC invocations=1 (full 0):
 PSYoungGen      total 305664K, used 262144K [0x000000076ab00000, 0x0000000780000000, 0x00000007c0000000)
  eden space 262144K, 100% used [0x000000076ab00000,0x000000077ab00000,0x000000077ab00000)
  from space 43520K, 0% used [0x000000077d580000,0x000000077d580000,0x0000000780000000)
  to   space 43520K, 0% used [0x000000077ab00000,0x000000077ab00000,0x000000077d580000)
 ParOldGen       total 699392K, used 0K [0x00000006c0000000, 0x00000006eab00000, 0x000000076ab00000)
  object space 699392K, 0% used [0x00000006c0000000,0x00000006c0000000,0x00000006eab00000)
 Metaspace       used 7039K, capacity 7186K, committed 7296K, reserved 1056768K
  class space    used 749K, capacity 837K, committed 896K, reserved 1048576K
Event: 4.151 GC heap after
Heap after GC invocations=1 (full 0):
 PSYoungGen      total 305664K, used 3173K [0x000000076ab00000, 0x0000000780000000, 0x00000007c0000000)
  eden space 262144K, 0% used [0x000000076ab00000,0x000000076ab00000,0x000000077ab00000)
  from space 43520K, 7% used [0x000000077ab00000,0x000000077ae19640,0x000000077d580000)
  to   space 43520K, 0% used [0x000000077d580000,0x000000077d580000,0x0000000780000000)
 ParOldGen       total 699392K, used 80K [0x00000006c0000000, 0x00000006eab00000, 0x000000076ab00000)
  object space 699392K, 0% used [0x00000006c0000000,0x00000006c0014010,0x00000006eab00000)
 Metaspace       used 7039K, capacity 7186K, committed 7296K, reserved 1056768K
  class space    used 749K, capacity 837K, committed 896K, reserved 1048576K
}
Event: 13.845 GC heap before
{Heap before GC invocations=2 (full 0):
 PSYoungGen      total 305664K, used 242279K [0x000000076ab00000, 0x0000000780000000, 0x00000007c0000000)
  eden space 262144K, 91% used [0x000000076ab00000,0x0000000779480808,0x000000077ab00000)
  from space 43520K, 7% used [0x000000077ab00000,0x000000077ae19640,0x000000077d580000)
  to   space 43520K, 0% used [0x000000077d580000,0x000000077d580000,0x0000000780000000)
 ParOldGen       total 699392K, used 80K [0x00000006c0000000, 0x00000006eab00000, 0x000000076ab00000)
  object space 699392K, 0% used [0x00000006c0000000,0x00000006c0014010,0x00000006eab00000)
 Metaspace       used 7093K, capacity 7250K, committed 7552K, reserved 1056768K
  class space    used 753K, capacity 837K, committed 896K, reserved 1048576K
Event: 13.907 GC heap after
Heap after GC invocations=2 (full 0):
 PSYoungGen      total 305664K, used 41424K [0x000000076ab00000, 0x0000000780000000, 0x00000007c0000000)
  eden space 262144K, 0% used [0x000000076ab00000,0x000000076ab00000,0x000000077ab00000)
  from space 43520K, 95% used [0x000000077d580000,0x000000077fdf4090,0x0000000780000000)
  to   space 43520K, 0% used [0x000000077ab00000,0x000000077ab00000,0x000000077d580000)
 ParOldGen       total 699392K, used 51288K [0x00000006c0000000, 0x00000006eab00000, 0x000000076ab00000)
  object space 699392K, 7% used [0x00000006c0000000,0x00000006c3216020,0x00000006eab00000)
 Metaspace       used 7093K, capacity 7250K, committed 7552K, reserved 1056768K
  class space    used 753K, capacity 837K, committed 896K, reserved 1048576K
}
Event: 14.071 GC heap before
{Heap before GC invocations=3 (full 0):
 PSYoungGen      total 305664K, used 286773K [0x000000076ab00000, 0x0000000780000000, 0x00000007c0000000)
  eden space 262144K, 93% used [0x000000076ab00000,0x0000000779a993f8,0x000000077ab00000)
  from space 43520K, 95% used [0x000000077d580000,0x000000077fdf4090,0x0000000780000000)
  to   space 43520K, 0% used [0x000000077ab00000,0x000000077ab00000,0x000000077d580000)
 ParOldGen       total 699392K, used 51288K [0x00000006c0000000, 0x00000006eab00000, 0x000000076ab00000)
  object space 699392K, 7% used [0x00000006c0000000,0x00000006c3216020,0x00000006eab00000)
 Metaspace       used 7093K, capacity 7250K, committed 7552K, reserved 1056768K
  class space    used 753K, capacity 837K, committed 896K, reserved 1048576K

